<?xml version="1.0" encoding="UTF-8"?>
<testsuite xmlns:xsi="http://www.w3.org/2001/XMLSchema-instance" xsi:noNamespaceSchemaLocation="https://maven.apache.org/surefire/maven-surefire-plugin/xsd/surefire-test-report.xsd" name="com.reachcp317.Reach.ReachApplicationTests" time="10.41" tests="1" errors="0" skipped="0" failures="0">
  <properties>
[...]
</properties>
  <testcase name="contextLoads on contextLoads(com.reachcp317.Reach.ReachApplicationTests)" classname="com.reachcp317.Reach.ReachApplicationTests" time="2.594"/>
</testsuite>